Change Component Designator: OldDesignator=Salida1 NewDesignator=Out1
Change Component Designator: OldDesignator=Salida2 NewDesignator=Out2
Change Component Designator: OldDesignator=VBat NewDesignator=Batt
Added Component: Designator=BatEnable(14 AWG Power Footprint)
Added Component: Designator=LED_Batt(6-0805_L)
Added Component: Designator=R_LED(6-0805_L)
Added Pin To Net: NetName=VBATT Pin=BatEnable-1
Added Pin To Net: NetName=GND Pin=R_LED-1
Added Pin To Net: NetName=NetBatEnable_2 Pin=BatEnable-2
Added Pin To Net: NetName=NetBatEnable_2 Pin=LED_Batt-1
Added Net: Name=NetBatEnable_2
Added Pin To Net: NetName=NetLED_Batt_2 Pin=LED_Batt-2
Added Pin To Net: NetName=NetLED_Batt_2 Pin=R_LED-2
Added Net: Name=NetLED_Batt_2
Added Member To Class: ClassName=SW 12 Member=Component BatEnable Header 2
Added Member To Class: ClassName=SW 12 Member=Component LED_Batt LED
Added Member To Class: ClassName=SW 12 Member=Component R_LED Res
Added Room: Name=SW 12
Added Room: Name=SW_S_5
Added Room: Name=SW_S_12
